<?xml version="1.0" encoding="UTF-8"?>
<testsuite xmlns:xsi="http://www.w3.org/2001/XMLSchema-instance" xsi:noNamespaceSchemaLocation="https://maven.apache.org/surefire/maven-surefire-plugin/xsd/surefire-test-report.xsd" name="pl.bergmann.AppTest" time="0.592" tests="2" errors="0" skipped="0" failures="0">
  <properties>
    <property name="java.specification.version" value="13"/>
    <property name="sun.cpu.isalist" value="amd64"/>
    <property name="sun.jnu.encoding" value="Cp1250"/>
    <property name="java.class.path" value="C:\Users\Ragnus\IdeaProjects\Project\target\test-classes;C:\Users\Ragnus\IdeaProjects\Project\target\classes;C:\Users\Ragnus\.m2\repository\junit\junit\4.11\junit-4.11.jar;C:\Users\Ragnus\.m2\repository\org\hamcrest\hamcrest-core\1.3\hamcrest-core-1.3.jar;C:\Users\Ragnus\.m2\repository\com\google\code\gson\gson\2.8.5\gson-2.8.5.jar;"/>
    <property name="java.vm.vendor" value="Oracle Corporation"/>
    <property name="sun.arch.data.model" value="64"/>
    <property name="user.variant" value=""/>
    <property name="java.vendor.url" value="https://java.oracle.com/"/>
    <property name="user.timezone" value="Europe/Warsaw"/>
    <property name="user.country.format" value="PL"/>
    <property name="os.name" value="Windows 8.1"/>
    <property name="java.vm.specification.version" value="13"/>
    <property name="sun.java.launcher" value="SUN_STANDARD"/>
    <property name="user.country" value="US"/>
    <property name="sun.boot.library.path" value="C:\Program Files\Java\jdk-13.0.2\bin"/>
    <property name="sun.java.command" value="C:\Users\Ragnus\AppData\Local\Temp\surefire4047780410617048646\surefirebooter16382942042887959588.jar C:\Users\Ragnus\AppData\Local\Temp\surefire4047780410617048646 2020-02-26T19-00-31_221-jvmRun1 surefire14621611194928032753tmp surefire_010989112282953799040tmp"/>
    <property name="jdk.debug" value="release"/>
    <property name="surefire.test.class.path" value="C:\Users\Ragnus\IdeaProjects\Project\target\test-classes;C:\Users\Ragnus\IdeaProjects\Project\target\classes;C:\Users\Ragnus\.m2\repository\junit\junit\4.11\junit-4.11.jar;C:\Users\Ragnus\.m2\repository\org\hamcrest\hamcrest-core\1.3\hamcrest-core-1.3.jar;C:\Users\Ragnus\.m2\repository\com\google\code\gson\gson\2.8.5\gson-2.8.5.jar;"/>
    <property name="sun.cpu.endian" value="little"/>
    <property name="user.home" value="C:\Users\Ragnus"/>
    <property name="user.language" value="en"/>
    <property name="java.specification.vendor" value="Oracle Corporation"/>
    <property name="java.version.date" value="2020-01-14"/>
    <property name="java.home" value="C:\Program Files\Java\jdk-13.0.2"/>
    <property name="file.separator" value="\"/>
    <property name="basedir" value="C:\Users\Ragnus\IdeaProjects\Project"/>
    <property name="java.vm.compressedOopsMode" value="32-bit"/>
    <property name="line.separator" value="&#10;"/>
    <property name="java.vm.specification.vendor" value="Oracle Corporation"/>
    <property name="java.specification.name" value="Java Platform API Specification"/>
    <property name="surefire.real.class.path" value="C:\Users\Ragnus\AppData\Local\Temp\surefire4047780410617048646\surefirebooter16382942042887959588.jar"/>
    <property name="user.script" value=""/>
    <property name="sun.management.compiler" value="HotSpot 64-Bit Tiered Compilers"/>
    <property name="java.runtime.version" value="13.0.2+8"/>
    <property name="user.name" value="Ragnus"/>
    <property name="path.separator" value=";"/>
    <property name="os.version" value="6.3"/>
    <property name="java.runtime.name" value="Java(TM) SE Runtime Environment"/>
    <property name="file.encoding" value="Cp1250"/>
    <property name="java.vm.name" value="Java HotSpot(TM) 64-Bit Server VM"/>
    <property name="localRepository" value="C:\Users\Ragnus\.m2\repository"/>
    <property name="java.vendor.url.bug" value="https://bugreport.java.com/bugreport/"/>
    <property name="java.io.tmpdir" value="C:\Users\Ragnus\AppData\Local\Temp\"/>
    <property name="idea.version" value="2018.1.8"/>
    <property name="java.version" value="13.0.2"/>
    <property name="user.dir" value="C:\Users\Ragnus\IdeaProjects\Project"/>
    <property name="os.arch" value="amd64"/>
    <property name="java.vm.specification.name" value="Java Virtual Machine Specification"/>
    <property name="user.language.format" value="pl"/>
    <property name="sun.os.patch.level" value=""/>
    <property name="java.library.path" value="C:\Program Files\Java\jdk-13.0.2\bin;C:\Windows\Sun\Java\bin;C:\Windows\system32;C:\Windows;C:\Program Files\Java\jdk-13.0.2\bin;C:\Users\Ragnus\Anaconda3;C:\Users\Ragnus\Anaconda3\Library\mingw-w64\bin;C:\Users\Ragnus\Anaconda3\Library\usr\bin;C:\Users\Ragnus\Anaconda3\Library\bin;C:\Users\Ragnus\Anaconda3\Scripts;C:\Users\Ragnus\AppData\Roaming\npm;C:\Users\Ragnus\.dotnet\tools;C:\Program Files\JetBrains\IntelliJ IDEA 2019.3\bin;;C:\Users\Ragnus\AppData\Local\Programs\Microsoft VS Code\bin;C:\Program Files\JetBrains\IntelliJ IDEA Community Edition 2019.3.3\bin;;."/>
    <property name="java.vm.info" value="mixed mode, sharing"/>
    <property name="java.vendor" value="Oracle Corporation"/>
    <property name="java.vm.version" value="13.0.2+8"/>
    <property name="sun.io.unicode.encoding" value="UnicodeLittle"/>
    <property name="java.class.version" value="57.0"/>
  </properties>
  <testcase name="isResponseEmptyFromNbp" classname="pl.bergmann.AppTest" time="0.281"/>
  <testcase name="isDataInOrder" classname="pl.bergmann.AppTest" time="0.148"/>
</testsuite>